<!DOCTYPE html PUBLIC "-//W3C//DTD XHTML 1.1//EN" "http://www.w3.org/TR/xhtml11/DTD/xhtml11.dtd">
<html xmlns="http://www.w3.org/1999/xhtml">
<head>
<meta http-equiv="content-type" content="text/html; charset=UTF-8"/>
<title>TestNG Report</title>
<style type="text/css">table {margin-bottom:10px;border-collapse:collapse;empty-cells:show}th,td {border:1px solid #009;padding:.25em .5em}th {vertical-align:bottom}td {vertical-align:top}table a {font-weight:bold}.stripe td {background-color: #E6EBF9}.num {text-align:right}.passedodd td {background-color: #3F3}.passedeven td {background-color: #0A0}.skippedodd td {background-color: #DDD}.skippedeven td {background-color: #CCC}.failedodd td,.attn {background-color: #F33}.failedeven td,.stripe .attn {background-color: #D00}.stacktrace {white-space:pre;font-family:monospace}.totop {font-size:85%;text-align:center;border-bottom:2px solid #000}.invisible {display:none}</style>
</head>
<body>
<table>
<tr><th>Test</th><th># Passed</th><th># Skipped</th><th># Failed</th><th>Time (ms)</th><th>Included Groups</th><th>Excluded Groups</th></tr>
<tr><th colspan="7">Hub Spot Test Automation Regression Suite</th></tr>
<tr><td><a href="#t0">HubSpot Feature Testing - login</a></td><td class="num">3</td><td class="num">0</td><td class="num">0</td><td class="num">24,061</td><td></td><td></td></tr>
<tr class="stripe"><td><a href="#t1">HubSpot Feature Testing - Home Page</a></td><td class="num">2</td><td class="num">0</td><td class="num attn">1</td><td class="num">50,956</td><td></td><td></td></tr>
<tr><td><a href="#t2">HubSpot Feature Testing - Contacts Page</a></td><td class="num">2</td><td class="num attn">1</td><td class="num">0</td><td class="num">29,195</td><td></td><td></td></tr>
<tr><th>Total</th><th class="num">7</th><th class="num attn">1</th><th class="num attn">1</th><th class="num">104,212</th><th colspan="2"></th></tr>
</table>
<table id='summary'><thead><tr><th>Class</th><th>Method</th><th>Start</th><th>Time (ms)</th></tr></thead><tbody><tr><th colspan="4">Hub Spot Test Automation Regression Suite</th></tr></tbody><tbody id="t0"><tr><th colspan="4">HubSpot Feature Testing - login &#8212; passed</th></tr><tr class="passedeven"><td rowspan="3">com.qa.hubspot.tests.LoginPageTest</td><td><a href="#m0">verifyLoginPageTitleTest</a></td><td rowspan="1">1595111986159</td><td rowspan="1">163</td></tr><tr class="passedeven"><td><a href="#m1">verifyLoginTest</a></td><td rowspan="1">1595111986366</td><td rowspan="1">3891</td></tr><tr class="passedeven"><td><a href="#m2">verifySignUpLinkTest</a></td><td rowspan="1">1595111980321</td><td rowspan="1">5426</td></tr></tbody>
<tbody id="t1"><tr><th colspan="4">HubSpot Feature Testing - Home Page &#8212; failed</th></tr><tr class="failedeven"><td rowspan="1">com.qa.hubspot.tests.HomePageTest</td><td><a href="#m3">verifygetAccountOwnerTest</a></td><td rowspan="1">1595112011499</td><td rowspan="1">30090</td></tr><tr><th colspan="4">HubSpot Feature Testing - Home Page &#8212; passed</th></tr><tr class="passedeven"><td rowspan="2">com.qa.hubspot.tests.HomePageTest</td><td><a href="#m4">verifyHomePageHeaderTest</a></td><td rowspan="1">1595112008392</td><td rowspan="1">3076</td></tr><tr class="passedeven"><td><a href="#m5">verifyHomePageTitleTest</a></td><td rowspan="1">1595112011472</td><td rowspan="1">23</td></tr></tbody>
<tbody id="t2"><tr><th colspan="4">HubSpot Feature Testing - Contacts Page &#8212; skipped</th></tr><tr class="skippedeven"><td rowspan="1">com.qa.hubspot.tests.ContactsPageTest</td><td><a href="#m6">verifyCreateContact</a></td><td rowspan="1">1595112070795</td><td rowspan="1">0</td></tr><tr><th colspan="4">HubSpot Feature Testing - Contacts Page &#8212; passed</th></tr><tr class="passedeven"><td rowspan="2">com.qa.hubspot.tests.ContactsPageTest</td><td><a href="#m7">verifyGetContactsPageHeaderTest</a></td><td rowspan="1">1595112064285</td><td rowspan="1">993</td></tr><tr class="passedeven"><td><a href="#m8">verifyGetContactsPageTitleTest</a></td><td rowspan="1">1595112063475</td><td rowspan="1">805</td></tr></tbody>
</table>
<h2>HubSpot Feature Testing - login</h2><h3 id="m0">com.qa.hubspot.tests.LoginPageTest#verifyLoginPageTitleTest</h3><table class="result"><tr><th class="invisible"/></tr></table><p class="totop"><a href="#summary">back to summary</a></p>
<h3 id="m1">com.qa.hubspot.tests.LoginPageTest#verifyLoginTest</h3><table class="result"><tr><th class="invisible"/></tr></table><p class="totop"><a href="#summary">back to summary</a></p>
<h3 id="m2">com.qa.hubspot.tests.LoginPageTest#verifySignUpLinkTest</h3><table class="result"><tr><th class="invisible"/></tr></table><p class="totop"><a href="#summary">back to summary</a></p>
<h2>HubSpot Feature Testing - Home Page</h2><h3 id="m3">com.qa.hubspot.tests.HomePageTest#verifygetAccountOwnerTest</h3><table class="result"><tr><th>Exception</th></tr><tr><td><div class="stacktrace">org.openqa.selenium.ElementNotInteractableException: element not interactable
  (Session info: chrome=83.0.4103.116)
Build info: version: &apos;3.141.59&apos;, revision: &apos;e82be7d358&apos;, time: &apos;2018-11-14T08:17:03&apos;
System info: host: &apos;LAPTOP-PB7A2EIU&apos;, ip: &apos;10.0.0.11&apos;, os.name: &apos;Windows 10&apos;, os.arch: &apos;amd64&apos;, os.version: &apos;10.0&apos;, java.version: &apos;13.0.1&apos;
Driver info: org.openqa.selenium.chrome.ChromeDriver
Capabilities {acceptInsecureCerts: false, browserName: chrome, browserVersion: 83.0.4103.116, chrome: {chromedriverVersion: 83.0.4103.39 (ccbf011cb2d2b..., userDataDir: C:\Users\Nick\AppData\Local...}, goog:chromeOptions: {debuggerAddress: localhost:59056}, javascriptEnabled: true, networkConnectionEnabled: false, pageLoadStrategy: normal, platform: WINDOWS, platformName: WINDOWS, proxy: Proxy(), setWindowRect: true, strictFileInteractability: false, timeouts: {implicit: 0, pageLoad: 300000, script: 30000}, unhandledPromptBehavior: dismiss and notify, webauthn:virtualAuthenticators: true}
Session ID: 851c09d489a2311c56ea0704bfc1a362
	at org.openqa.selenium.remote.http.W3CHttpResponseCodec.createException(W3CHttpResponseCodec.java:187)
	at org.openqa.selenium.remote.http.W3CHttpResponseCodec.decode(W3CHttpResponseCodec.java:122)
	at org.openqa.selenium.remote.http.W3CHttpResponseCodec.decode(W3CHttpResponseCodec.java:49)
	at org.openqa.selenium.remote.HttpCommandExecutor.execute(HttpCommandExecutor.java:158)
	at org.openqa.selenium.remote.service.DriverCommandExecutor.execute(DriverCommandExecutor.java:83)
	at org.openqa.selenium.remote.RemoteWebDriver.execute(RemoteWebDriver.java:552)
	at org.openqa.selenium.remote.RemoteWebElement.execute(RemoteWebElement.java:285)
	at org.openqa.selenium.remote.RemoteWebElement.click(RemoteWebElement.java:84)
	at com.qa.hubspot.pages.HomePage.getAccountOwner(HomePage.java:39)
	at com.qa.hubspot.tests.HomePageTest.verifygetAccountOwnerTest(HomePageTest.java:35)
... Removed 33 stack frames</div></td></tr></table><p class="totop"><a href="#summary">back to summary</a></p>
<h3 id="m4">com.qa.hubspot.tests.HomePageTest#verifyHomePageHeaderTest</h3><table class="result"><tr><th class="invisible"/></tr></table><p class="totop"><a href="#summary">back to summary</a></p>
<h3 id="m5">com.qa.hubspot.tests.HomePageTest#verifyHomePageTitleTest</h3><table class="result"><tr><th class="invisible"/></tr></table><p class="totop"><a href="#summary">back to summary</a></p>
<h2>HubSpot Feature Testing - Contacts Page</h2><h3 id="m6">com.qa.hubspot.tests.ContactsPageTest#verifyCreateContact</h3><table class="result"><tr><th>Exception</th></tr><tr><td><div class="stacktrace">java.lang.RuntimeException: java.lang.NullPointerException
Caused by: java.lang.NullPointerException
	at com.qa.hubspot.util.ExcelUtil.getTestData(ExcelUtil.java:30)
	at com.qa.hubspot.tests.ContactsPageTest.getContactsTestData(ContactsPageTest.java:42)
	... 25 more
... Removed 33 stack frames</div></td></tr></table><p class="totop"><a href="#summary">back to summary</a></p>
<h3 id="m7">com.qa.hubspot.tests.ContactsPageTest#verifyGetContactsPageHeaderTest</h3><table class="result"><tr><th class="invisible"/></tr></table><p class="totop"><a href="#summary">back to summary</a></p>
<h3 id="m8">com.qa.hubspot.tests.ContactsPageTest#verifyGetContactsPageTitleTest</h3><table class="result"><tr><th class="invisible"/></tr></table><p class="totop"><a href="#summary">back to summary</a></p>
</body>
</html>
